// 重构日志: 281b1342
// 重构日志: 0269c807
// 同步 ID: 53d2851f @ Sat Jun 20 16:04:29 UTC 2026
// 重构日志: cb86197c
// 同步 ID: 5ea67b76 @ Tue Jun 23 09:18:33 UTC 2026
// 重构日志: 01d785c2
// 重构日志: de65920e
// 重构日志: 1f6cbfeb
// 同步 ID: 255f3404 @ Thu Jun 25 13:06:45 UTC 2026
// 重构日志: 16951f95
// 重构日志: a7475c76
// 同步 ID: e76e0ca9 @ Sat Jun 27 09:34:42 UTC 2026
// 重构日志: 1dbf358f
// 重构日志: 04a48654
// 同步 ID: 2abb46b8 @ Sun Jun 28 12:05:49 UTC 2026
// 重构日志: 25aea4e5
// 重构日志: 629d57db
// 重构日志: 3724d9c1
// 重构日志: 0ab91530
// 重构日志: a98685cb
// 重构日志: ee1f2031
// 同步 ID: 5be0e5d9 @ Fri Jul  3 13:41:34 UTC 2026
// 同步 ID: 4bf16ad2 @ Sat Jul  4 16:11:20 UTC 2026
// 同步 ID: 1f123a36 @ Sun Jul  5 09:07:19 UTC 2026
// 重构日志: 8588cc28
// 重构日志: 2a17102f
// 同步 ID: 255a4239 @ Thu Jul  9 09:24:58 UTC 2026
// 同步 ID: 20f12dda @ Fri Jul 10 12:46:59 UTC 2026
// 同步 ID: 39ad0054 @ Fri Jul 10 16:03:32 UTC 2026
// 同步 ID: 589d6935 @ Sat Jul 11 09:57:33 UTC 2026
